<?xml version="1.0" encoding="UTF-8"?>
<!-- Generated by org.testng.reporters.JUnitReportReporter -->
<testsuite hostname="nisha56" failures="0" tests="3" name="types_of_execution.ContactTest" time="16.099" errors="0" timestamp="2026-07-29T19:29:17 IST" skipped="0">
  <testcase classname="types_of_execution.ContactTest" name="createConTest" time="5.047"/>
  <testcase classname="types_of_execution.ContactTest" name="deleteConTest" time="6.165"/>
  <testcase classname="types_of_execution.ContactTest" name="modifyConTest" time="4.887"/>
</testsuite> <!-- types_of_execution.ContactTest -->
