<?xml version="1.0" encoding="UTF-8"?>
<!-- Generated by org.testng.reporters.JUnitReportReporter -->
<testsuite hostname="nisha56" failures="0" tests="3" name="types_of_execution.LeadsTest" time="15.441" errors="0" timestamp="2026-07-29T19:29:18 IST" skipped="0">
  <testcase classname="types_of_execution.LeadsTest" name="createLeadTest" time="5.062"/>
  <testcase classname="types_of_execution.LeadsTest" name="deleteLeadTest" time="6.780"/>
  <testcase classname="types_of_execution.LeadsTest" name="modifyLeadTest" time="3.599"/>
</testsuite> <!-- types_of_execution.LeadsTest -->
