<?xml version="1.0" encoding="UTF-8"?>
<!-- Generated by org.testng.reporters.JUnitReportReporter -->
<testsuite hostname="nisha56" failures="0" tests="3" name="types_of_execution.OrgTest" time="13.411" errors="0" timestamp="2026-07-29T19:29:17 IST" skipped="0">
  <testcase classname="types_of_execution.OrgTest" name="createOrgTest" time="5.047"/>
  <testcase classname="types_of_execution.OrgTest" name="modifyOrgTest" time="3.292"/>
  <testcase classname="types_of_execution.OrgTest" name="deleteOrgTest" time="5.072"/>
</testsuite> <!-- types_of_execution.OrgTest -->
