<?xml version="1.0" encoding="UTF-8"?>
<!-- Generated by org.testng.reporters.JUnitReportReporter -->
<testsuite hostname="nisha56" failures="0" tests="3" name="Execution.OrgTest" time="24.109" errors="0" timestamp="2026-08-02T20:09:06 IST" skipped="0">
  <testcase classname="Execution.OrgTest" name="case1" time="8.844"/>
  <testcase classname="Execution.OrgTest" name="case1" time="9.044"/>
  <testcase classname="Execution.OrgTest" name="case1" time="6.221"/>
</testsuite> <!-- Execution.OrgTest -->
