<?xml version="1.0" encoding="UTF-8"?>
<!-- Generated by org.testng.reporters.JUnitXMLReporter -->
<testsuite ignored="0" hostname="nisha56" failures="0" tests="3" name="thread4" time="13.474" errors="0" timestamp="2026-07-29T19:29:15 IST">
  <testcase classname="types_of_execution.OrgTest" name="createOrgTest" time="5.047"/>
  <testcase classname="types_of_execution.OrgTest" name="deleteOrgTest" time="5.072"/>
  <testcase classname="types_of_execution.OrgTest" name="modifyOrgTest" time="3.292"/>
</testsuite> <!-- thread4 -->
