<?xml version="1.0" encoding="UTF-8"?>
<!-- Generated by org.testng.reporters.JUnitXMLReporter -->
<testsuite ignored="6" hostname="nisha56" failures="0" tests="3" name="group-execution" time="10.895" errors="0" timestamp="2026-07-28T22:17:50 IST">
  <testcase classname="types_of_execution.OrgTest" name="createOrgTest" time="4.586"/>
  <testcase classname="types_of_execution.ContactTest" name="createConTest" time="3.175"/>
  <testcase classname="types_of_execution.LeadsTest" name="createLeadTest" time="3.084"/>
  <testcase classname="types_of_execution.LeadsTest" name="modifyLeadTest" time="0.0">
    <ignored/>
  </testcase> <!-- modifyLeadTest -->
  <testcase classname="types_of_execution.LeadsTest" name="deleteLeadTest" time="0.0">
    <ignored/>
  </testcase> <!-- deleteLeadTest -->
  <testcase classname="types_of_execution.OrgTest" name="deleteOrgTest" time="0.0">
    <ignored/>
  </testcase> <!-- deleteOrgTest -->
  <testcase classname="types_of_execution.ContactTest" name="modifyConTest" time="0.0">
    <ignored/>
  </testcase> <!-- modifyConTest -->
  <testcase classname="types_of_execution.ContactTest" name="deleteConTest" time="0.0">
    <ignored/>
  </testcase> <!-- deleteConTest -->
  <testcase classname="types_of_execution.OrgTest" name="modifyOrgTest" time="0.0">
    <ignored/>
  </testcase> <!-- modifyOrgTest -->
</testsuite> <!-- group-execution -->
